<?xml version="1.0" encoding="UTF-8"?>
<testng-results skipped="1" failed="0" total="5" passed="4">
  <reporter-output>
  </reporter-output>
  <suite name="My Sample Suite" duration-ms="146" started-at="2014-11-05T01:52:14Z" finished-at="2014-11-05T01:52:14Z">
    <groups>
    </groups>
    <test name="Login test 1" duration-ms="28" started-at="2014-11-05T01:52:14Z" finished-at="2014-11-05T01:52:14Z">
      <class name="test_1">
        <test-method status="PASS" signature="openDb()[pri:0, instance:test_1@23223dd8]" name="openDb" is-config="true" duration-ms="1" started-at="2014-11-05T01:52:14Z" finished-at="2014-11-05T01:52:14Z">
          <reporter-output>
          </reporter-output>
        </test-method> <!-- openDb -->
        <test-method status="PASS" signature="Openbrowser()[pri:0, instance:test_1@23223dd8]" name="Openbrowser" is-config="true" duration-ms="0" started-at="2014-11-05T01:52:14Z" finished-at="2014-11-05T01:52:14Z">
          <reporter-output>
          </reporter-output>
        </test-method> <!-- Openbrowser -->
        <test-method status="PASS" signature="testLogin()[pri:0, instance:test_1@23223dd8]" name="testLogin" duration-ms="1" started-at="2014-11-05T01:52:14Z" finished-at="2014-11-05T01:52:14Z">
          <reporter-output>
          </reporter-output>
        </test-method> <!-- testLogin -->
        <test-method status="PASS" signature="Closebrowser()[pri:0, instance:test_1@23223dd8]" name="Closebrowser" is-config="true" duration-ms="1" started-at="2014-11-05T01:52:14Z" finished-at="2014-11-05T01:52:14Z">
          <reporter-output>
          </reporter-output>
        </test-method> <!-- Closebrowser -->
        <test-method status="PASS" signature="Openbrowser()[pri:0, instance:test_1@23223dd8]" name="Openbrowser" is-config="true" duration-ms="0" started-at="2014-11-05T01:52:14Z" finished-at="2014-11-05T01:52:14Z">
          <reporter-output>
          </reporter-output>
        </test-method> <!-- Openbrowser -->
        <test-method status="PASS" signature="testUserregisteration()[pri:0, instance:test_1@23223dd8]" name="testUserregisteration" duration-ms="1" started-at="2014-11-05T01:52:14Z" finished-at="2014-11-05T01:52:14Z">
          <reporter-output>
          </reporter-output>
        </test-method> <!-- testUserregisteration -->
        <test-method status="PASS" signature="Closebrowser()[pri:0, instance:test_1@23223dd8]" name="Closebrowser" is-config="true" duration-ms="0" started-at="2014-11-05T01:52:14Z" finished-at="2014-11-05T01:52:14Z">
          <reporter-output>
          </reporter-output>
        </test-method> <!-- Closebrowser -->
        <test-method status="PASS" signature="closeDB()[pri:0, instance:test_1@23223dd8]" name="closeDB" is-config="true" duration-ms="1" started-at="2014-11-05T01:52:14Z" finished-at="2014-11-05T01:52:14Z">
          <reporter-output>
          </reporter-output>
        </test-method> <!-- closeDB -->
      </class> <!-- test_1 -->
    </test> <!-- Login test 1 -->
    <test name="Running test 2" duration-ms="2" started-at="2014-11-05T01:52:14Z" finished-at="2014-11-05T01:52:14Z">
      <class name="test_2">
        <test-method status="SKIP" signature="testCapturescreeshot()[pri:0, instance:test_2@e580929]" name="testCapturescreeshot" duration-ms="1" started-at="2014-11-05T01:52:14Z" finished-at="2014-11-05T01:52:14Z">
          <exception class="org.testng.SkipException">
            <message>
              <![CDATA[Skipping the test case]]>
            </message>
            <full-stacktrace>
              <![CDATA[org.testng.SkipException: Skipping the test case
	at test_2.testCapturescreeshot(test_2.java:11)
	at sun.reflect.NativeMethodAccessorImpl.invoke0(Native Method)
	at sun.reflect.NativeMethodAccessorImpl.invoke(NativeMethodAccessorImpl.java:62)
	at sun.reflect.DelegatingMethodAccessorImpl.invoke(DelegatingMethodAccessorImpl.java:43)
	at java.lang.reflect.Method.invoke(Method.java:483)
	at org.testng.internal.MethodInvocationHelper.invokeMethod(MethodInvocationHelper.java:84)
	at org.testng.internal.Invoker.invokeMethod(Invoker.java:714)
	at org.testng.internal.Invoker.invokeTestMethod(Invoker.java:901)
	at org.testng.internal.Invoker.invokeTestMethods(Invoker.java:1231)
	at org.testng.internal.TestMethodWorker.invokeTestMethods(TestMethodWorker.java:127)
	at org.testng.internal.TestMethodWorker.run(TestMethodWorker.java:111)
	at org.testng.TestRunner.privateRun(TestRunner.java:767)
	at org.testng.TestRunner.run(TestRunner.java:617)
	at org.testng.SuiteRunner.runTest(SuiteRunner.java:334)
	at org.testng.SuiteRunner.runSequentially(SuiteRunner.java:329)
	at org.testng.SuiteRunner.privateRun(SuiteRunner.java:291)
	at org.testng.SuiteRunner.run(SuiteRunner.java:240)
	at org.testng.SuiteRunnerWorker.runSuite(SuiteRunnerWorker.java:52)
	at org.testng.SuiteRunnerWorker.run(SuiteRunnerWorker.java:86)
	at org.testng.TestNG.runSuitesSequentially(TestNG.java:1224)
	at org.testng.TestNG.runSuitesLocally(TestNG.java:1149)
	at org.testng.TestNG.run(TestNG.java:1057)
	at org.testng.TestNG.privateMain(TestNG.java:1364)
	at org.testng.TestNG.main(TestNG.java:1333)
]]>
            </full-stacktrace>
          </exception> <!-- org.testng.SkipException -->
          <reporter-output>
          </reporter-output>
        </test-method> <!-- testCapturescreeshot -->
      </class> <!-- test_2 -->
    </test> <!-- Running test 2 -->
    <test name="Running test 3" duration-ms="5" started-at="2014-11-05T01:52:14Z" finished-at="2014-11-05T01:52:14Z">
      <class name="test_1">
        <test-method status="PASS" signature="runSeleniumserver()[pri:0, instance:test_1@23223dd8]" name="runSeleniumserver" is-config="true" duration-ms="27" started-at="2014-11-05T01:52:14Z" finished-at="2014-11-05T01:52:14Z">
          <reporter-output>
          </reporter-output>
        </test-method> <!-- runSeleniumserver -->
        <test-method status="PASS" signature="stopSeleniumserver()[pri:0, instance:test_1@23223dd8]" name="stopSeleniumserver" is-config="true" duration-ms="1" started-at="2014-11-05T01:52:14Z" finished-at="2014-11-05T01:52:14Z">
          <reporter-output>
          </reporter-output>
        </test-method> <!-- stopSeleniumserver -->
      </class> <!-- test_1 -->
      <class name="testFormfill">
        <test-method status="PASS" signature="testFormfill(java.lang.String, java.lang.String, java.lang.Integer)[pri:0, instance:testFormfill@49e4cb85]" name="testFormfill" duration-ms="1" started-at="2014-11-05T01:52:14Z" data-provider="getData" finished-at="2014-11-05T01:52:14Z">
          <params>
            <param index="0">
              <value>
                <![CDATA[abc@yahoomail.com]]>
              </value>
            </param>
            <param index="1">
              <value>
                <![CDATA[pass@123]]>
              </value>
            </param>
            <param index="2">
              <value>
                <![CDATA[23]]>
              </value>
            </param>
          </params>
          <reporter-output>
          </reporter-output>
        </test-method> <!-- testFormfill -->
        <test-method status="PASS" signature="testFormfill(java.lang.String, java.lang.String, java.lang.Integer)[pri:0, instance:testFormfill@49e4cb85]" name="testFormfill" duration-ms="0" started-at="2014-11-05T01:52:14Z" data-provider="getData" finished-at="2014-11-05T01:52:14Z">
          <params>
            <param index="0">
              <value>
                <![CDATA[abcd@gmail.com]]>
              </value>
            </param>
            <param index="1">
              <value>
                <![CDATA[pass@222]]>
              </value>
            </param>
            <param index="2">
              <value>
                <![CDATA[27]]>
              </value>
            </param>
          </params>
          <reporter-output>
          </reporter-output>
        </test-method> <!-- testFormfill -->
      </class> <!-- testFormfill -->
    </test> <!-- Running test 3 -->
  </suite> <!-- My Sample Suite -->
</testng-results>
